<?xml version="1.0" encoding="UTF-8"?>
<!-- Generated by org.testng.reporters.JUnitReportReporter -->
<testsuite hostname="KAAL" failures="0" tests="1" name="Demo.DemoTest" time="2.826" errors="0" timestamp="2024-11-06T16:14:53 IST" skipped="0">
  <testcase classname="Demo.DemoTest" name="verify" time="2.826"/>
  <system-out/>
</testsuite> <!-- Demo.DemoTest -->
